<?xml version="1.0" encoding="UTF-8"?>
<testsuite name="TestHuff1" tests="1" skipped="0" failures="0" errors="0" timestamp="2024-10-18T15:39:05" hostname="LAPTOP-M2PRL5QA" time="0.031">
  <properties/>
  <testcase name="exampleTest()" classname="TestHuff1" time="0.031"/>
  <system-out><![CDATA[1
00
010
0110
0111
]]></system-out>
  <system-err><![CDATA[]]></system-err>
</testsuite>
