<?xml version="1.0" encoding="UTF-8"?>
<testsuite name="ConnectCheckerTest" tests="4" skipped="0" failures="0" errors="0" timestamp="2024-10-18T02:09:42" hostname="LAPTOP-M2PRL5QA" time="0.032">
  <properties/>
  <testcase name="testConnectCheckerData0()" classname="ConnectCheckerTest" time="0.026"/>
  <testcase name="testConnectCheckerData1()" classname="ConnectCheckerTest" time="0.001"/>
  <testcase name="testConnectCheckerData2()" classname="ConnectCheckerTest" time="0.002"/>
  <testcase name="testConnectCheckerData3()" classname="ConnectCheckerTest" time="0.001"/>
  <system-out><![CDATA[]]></system-out>
  <system-err><![CDATA[]]></system-err>
</testsuite>
