<?xml version="1.0" encoding="UTF-8"?>
<testsuite name="MapTest" tests="14" skipped="0" failures="0" errors="0" timestamp="2024-09-12T15:37:48" hostname="LAPTOP-M2PRL5QA" time="0.068">
  <properties/>
  <testcase name="getThenInsertOnEmptyMapProperlySetsValueAndSizeIsOne()" classname="MapTest" time="0.019"/>
  <testcase name="eraseOfMissingKeyReturnsFalseAndSizeRemainsSame()" classname="MapTest" time="0.001"/>
  <testcase name="constructorCreatesZeroSizeMap()" classname="MapTest" time="0.001"/>
  <testcase name="cloneMakesSeparateCopy()" classname="MapTest" time="0.002"/>
  <testcase name="cloneMakesCorrectSize()" classname="MapTest" time="0.001"/>
  <testcase name="eraseOfExistingKeyReturnsTrueAndDecrementsSize()" classname="MapTest" time="0.002"/>
  <testcase name="copyConstructorMakesSeparateCopy()" classname="MapTest" time="0.001"/>
  <testcase name="insertWhileEmptyReturnsTrueAndMapSizeIsOne()" classname="MapTest" time="0.001"/>
  <testcase name="copyConstructorMakesCorrectSize()" classname="MapTest" time="0.001"/>
  <testcase name="eraseOnEmptyMapReturnsFalseAndSizeRemainsZero()" classname="MapTest" time="0.001"/>
  <testcase name="cloneWithManyItemsHasCorrectValues()" classname="MapTest" time="0.014"/>
  <testcase name="getThenInsertOnMissingKeyProperlySetsValueAndIncrementsSize()" classname="MapTest" time="0.002"/>
  <testcase name="getOfExistingKeyReturnsProperValueAndSizeIsSame()" classname="MapTest" time="0.001"/>
  <testcase name="insertOfSameKeyReturnsFalseAndMapSizeRemainsSame()" classname="MapTest" time="0.001"/>
  <system-out><![CDATA[]]></system-out>
  <system-err><![CDATA[]]></system-err>
</testsuite>
