<?xml version="1.0" encoding="UTF-8"?>
<testsuite name="MapTest" tests="1" skipped="0" failures="1" errors="0" timestamp="2024-12-13T17:56:55" hostname="LAPTOP-M2PRL5QA" time="0.173">
  <properties/>
  <testcase name="testMap00()" classname="MapTest" time="0.173">
    <failure message="java.lang.StackOverflowError" type="java.lang.StackOverflowError">java.lang.StackOverflowError
	at java.base/java.lang.Long.toString(Long.java:492)
	at java.base/java.lang.Long.toString(Long.java:145)
	at java.base/java.util.Formatter$FormatSpecifier.print(Formatter.java:3371)
	at java.base/java.util.Formatter$FormatSpecifier.print(Formatter.java:3362)
	at java.base/java.util.Formatter$FormatSpecifier.printInteger(Formatter.java:3060)
	at java.base/java.util.Formatter$FormatSpecifier.print(Formatter.java:3021)
	at java.base/java.util.Formatter.format(Formatter.java:2791)
	at java.base/java.util.Formatter.format(Formatter.java:2728)
	at java.base/java.lang.String.format(String.java:4390)
	at Map$Elem.toString(Map.java:45)
	at Map.printTree(Map.java:414)
	at Map.printTree(Map.java:410)
	at Map.printTree(Map.java:410)
	at Map.printTree(Map.java:416)
	at Map.printTree(Map.java:410)
	at Map.printTree(Map.java:410)
	at Map.printTree(Map.java:416)
	at Map.printTree(Map.java:410)
	at Map.printTree(Map.java:410)
	at Map.printTree(Map.java:416)
	at Map.printTree(Map.java:410)
	at Map.printTree(Map.java:410)
	at Map.printTree(Map.java:416)
	at Map.printTree(Map.java:410)
	at Map.printTree(Map.java:410)
	at Map.printTree(Map.java:416)
	at Map.printTree(Map.java:410)
	at Map.printTree(Map.java:410)
	at Map.printTree(Map.java:416)
	at Map.printTree(Map.java:410)
	at Map.printTree(Map.java:410)
	at Map.printTree(Map.java:416)
	at Map.printTree(Map.java:410)
	at Map.printTree(Map.java:410)
	at Map.printTree(Map.java:416)
	at Map.printTree(Map.java:410)
	at Map.printTree(Map.java:410)
	at Map.printTree(Map.java:416)
	at Map.printTree(Map.java:410)
	at Map.printTree(Map.java:410)
	at Map.printTree(Map.java:416)
	at Map.printTree(Map.java:410)
	at Map.printTree(Map.java:410)
	at Map.printTree(Map.java:416)
	at Map.printTree(Map.java:410)
	at Map.printTree(Map.java:410)
	at Map.printTree(Map.java:416)
	at Map.printTree(Map.java:410)
	at Map.printTree(Map.java:410)
	at Map.printTree(Map.java:416)
	at Map.printTree(Map.java:410)
	at Map.printTree(Map.java:410)
	at Map.printTree(Map.java:416)
	at Map.printTree(Map.java:410)
	at Map.printTree(Map.java:410)
	at Map.printTree(Map.java:416)
	at Map.printTree(Map.java:410)
	at Map.printTree(Map.java:410)
	at Map.printTree(Map.java:416)
	at Map.printTree(Map.java:410)
	at Map.printTree(Map.java:410)
	at Map.printTree(Map.java:416)
	at Map.printTree(Map.java:410)
	at Map.printTree(Map.java:410)
	at Map.printTree(Map.java:416)
	at Map.printTree(Map.java:410)
	at Map.printTree(Map.java:410)
	at Map.printTree(Map.java:416)
	at Map.printTree(Map.java:410)
	at Map.printTree(Map.java:410)
	at Map.printTree(Map.java:416)
	at Map.printTree(Map.java:410)
	at Map.printTree(Map.java:410)
	at Map.printTree(Map.java:416)
	at Map.printTree(Map.java:410)
	at Map.printTree(Map.java:410)
	at Map.printTree(Map.java:416)
	at Map.printTree(Map.java:410)
	at Map.printTree(Map.java:410)
	at Map.printTree(Map.java:416)
	at Map.printTree(Map.java:410)
	at Map.printTree(Map.java:410)
	at Map.printTree(Map.java:416)
	at Map.printTree(Map.java:410)
	at Map.printTree(Map.java:410)
	at Map.printTree(Map.java:416)
	at Map.printTree(Map.java:410)
	at Map.printTree(Map.java:410)
	at Map.printTree(Map.java:416)
	at Map.printTree(Map.java:410)
	at Map.printTree(Map.java:410)
	at Map.printTree(Map.java:416)
	at Map.printTree(Map.java:410)
	at Map.printTree(Map.java:410)
	at Map.printTree(Map.java:416)
	at Map.printTree(Map.java:410)
	at Map.printTree(Map.java:410)
	at Map.printTree(Map.java:416)
	at Map.printTree(Map.java:410)
	at Map.printTree(Map.java:410)
	at Map.printTree(Map.java:416)
	at Map.printTree(Map.java:410)
	at Map.printTree(Map.java:410)
	at Map.printTree(Map.java:416)
	at Map.printTree(Map.java:410)
	at Map.printTree(Map.java:410)
	at Map.printTree(Map.java:416)
	at Map.printTree(Map.java:410)
	at Map.printTree(Map.java:410)
	at Map.printTree(Map.java:416)
	at Map.printTree(Map.java:410)
	at Map.printTree(Map.java:410)
	at Map.printTree(Map.java:416)
	at Map.printTree(Map.java:410)
	at Map.printTree(Map.java:410)
	at Map.printTree(Map.java:416)
	at Map.printTree(Map.java:410)
	at Map.printTree(Map.java:410)
	at Map.printTree(Map.java:416)
	at Map.printTree(Map.java:410)
	at Map.printTree(Map.java:410)
	at Map.printTree(Map.java:416)
	at Map.printTree(Map.java:410)
	at Map.printTree(Map.java:410)
	at Map.printTree(Map.java:416)
	at Map.printTree(Map.java:410)
	at Map.printTree(Map.java:410)
	at Map.printTree(Map.java:416)
	at Map.printTree(Map.java:410)
	at Map.printTree(Map.java:410)
	at Map.printTree(Map.java:416)
	at Map.printTree(Map.java:410)
	at Map.printTree(Map.java:410)
	at Map.printTree(Map.java:416)
	at Map.printTree(Map.java:410)
	at Map.printTree(Map.java:410)
	at Map.printTree(Map.java:416)
	at Map.printTree(Map.java:410)
	at Map.printTree(Map.java:410)
	at Map.printTree(Map.java:416)
	at Map.printTree(Map.java:410)
	at Map.printTree(Map.java:410)
	at Map.printTree(Map.java:416)
	at Map.printTree(Map.java:410)
	at Map.printTree(Map.java:410)
	at Map.printTree(Map.java:416)
	at Map.printTree(Map.java:410)
	at Map.printTree(Map.java:410)
	at Map.printTree(Map.java:416)
	at Map.printTree(Map.java:410)
	at Map.printTree(Map.java:410)
	at Map.printTree(Map.java:416)
	at Map.printTree(Map.java:410)
	at Map.printTree(Map.java:410)
	at Map.printTree(Map.java:416)
	at Map.printTree(Map.java:410)
	at Map.printTree(Map.java:410)
	at Map.printTree(Map.java:416)
	at Map.printTree(Map.java:410)
	at Map.printTree(Map.java:410)
	at Map.printTree(Map.java:416)
	at Map.printTree(Map.java:410)
	at Map.printTree(Map.java:410)
	at Map.printTree(Map.java:416)
	at Map.printTree(Map.java:410)
	at Map.printTree(Map.java:410)
	at Map.printTree(Map.java:416)
	at Map.printTree(Map.java:410)
	at Map.printTree(Map.java:410)
	at Map.printTree(Map.java:416)
	at Map.printTree(Map.java:410)
	at Map.printTree(Map.java:410)
	at Map.printTree(Map.java:416)
	at Map.printTree(Map.java:410)
	at Map.printTree(Map.java:410)
	at Map.printTree(Map.java:416)
	at Map.printTree(Map.java:410)
	at Map.printTree(Map.java:410)
	at Map.printTree(Map.java:416)
	at Map.printTree(Map.java:410)
	at Map.printTree(Map.java:410)
	at Map.printTree(Map.java:416)
	at Map.printTree(Map.java:410)
	at Map.printTree(Map.java:410)
	at Map.printTree(Map.java:416)
	at Map.printTree(Map.java:410)
	at Map.printTree(Map.java:410)
	at Map.printTree(Map.java:416)
	at Map.printTree(Map.java:410)
	at Map.printTree(Map.java:410)
	at Map.printTree(Map.java:416)
	at Map.printTree(Map.java:410)
	at Map.printTree(Map.java:410)
	at Map.printTree(Map.java:416)
	at Map.printTree(Map.java:410)
	at Map.printTree(Map.java:410)
	at Map.printTree(Map.java:416)
	at Map.printTree(Map.java:410)
	at Map.printTree(Map.java:410)
	at Map.printTree(Map.java:416)
	at Map.printTree(Map.java:410)
	at Map.printTree(Map.java:410)
	at Map.printTree(Map.java:416)
	at Map.printTree(Map.java:410)
	at Map.printTree(Map.java:410)
	at Map.printTree(Map.java:416)
	at Map.printTree(Map.java:410)
	at Map.printTree(Map.java:410)
	at Map.printTree(Map.java:416)
	at Map.printTree(Map.java:410)
	at Map.printTree(Map.java:410)
	at Map.printTree(Map.java:416)
	at Map.printTree(Map.java:410)
	at Map.printTree(Map.java:410)
	at Map.printTree(Map.java:416)
	at Map.printTree(Map.java:410)
	at Map.printTree(Map.java:410)
	at Map.printTree(Map.java:416)
	at Map.printTree(Map.java:410)
	at Map.printTree(Map.java:410)
	at Map.printTree(Map.java:416)
	at Map.printTree(Map.java:410)
	at Map.printTree(Map.java:410)
	at Map.printTree(Map.java:416)
	at Map.printTree(Map.java:410)
	at Map.printTree(Map.java:410)
	at Map.printTree(Map.java:416)
	at Map.printTree(Map.java:410)
	at Map.printTree(Map.java:410)
	at Map.printTree(Map.java:416)
	at Map.printTree(Map.java:410)
	at Map.printTree(Map.java:410)
	at Map.printTree(Map.java:416)
	at Map.printTree(Map.java:410)
	at Map.printTree(Map.java:410)
	at Map.printTree(Map.java:416)
	at Map.printTree(Map.java:410)
	at Map.printTree(Map.java:410)
	at Map.printTree(Map.java:416)
	at Map.printTree(Map.java:410)
	at Map.printTree(Map.java:410)
	at Map.printTree(Map.java:416)
	at Map.printTree(Map.java:410)
	at Map.printTree(Map.java:410)
	at Map.printTree(Map.java:416)
	at Map.printTree(Map.java:410)
	at Map.printTree(Map.java:410)
	at Map.printTree(Map.java:416)
	at Map.printTree(Map.java:410)
	at Map.printTree(Map.java:410)
	at Map.printTree(Map.java:416)
	at Map.printTree(Map.java:410)
	at Map.printTree(Map.java:410)
	at Map.printTree(Map.java:416)
	at Map.printTree(Map.java:410)
	at Map.printTree(Map.java:410)
	at Map.printTree(Map.java:416)
	at Map.printTree(Map.java:410)
	at Map.printTree(Map.java:410)
	at Map.printTree(Map.java:416)
	at Map.printTree(Map.java:410)
	at Map.printTree(Map.java:410)
	at Map.printTree(Map.java:416)
	at Map.printTree(Map.java:410)
	at Map.printTree(Map.java:410)
	at Map.printTree(Map.java:416)
	at Map.printTree(Map.java:410)
	at Map.printTree(Map.java:410)
	at Map.printTree(Map.java:416)
	at Map.printTree(Map.java:410)
	at Map.printTree(Map.java:410)
	at Map.printTree(Map.java:416)
	at Map.printTree(Map.java:410)
	at Map.printTree(Map.java:410)
	at Map.printTree(Map.java:416)
	at Map.printTree(Map.java:410)
	at Map.printTree(Map.java:410)
	at Map.printTree(Map.java:416)
	at Map.printTree(Map.java:410)
	at Map.printTree(Map.java:410)
	at Map.printTree(Map.java:416)
	at Map.printTree(Map.java:410)
	at Map.printTree(Map.java:410)
	at Map.printTree(Map.java:416)
	at Map.printTree(Map.java:410)
	at Map.printTree(Map.java:410)
	at Map.printTree(Map.java:416)
	at Map.printTree(Map.java:410)
	at Map.printTree(Map.java:410)
	at Map.printTree(Map.java:416)
	at Map.printTree(Map.java:410)
	at Map.printTree(Map.java:410)
	at Map.printTree(Map.java:416)
	at Map.printTree(Map.java:410)
	at Map.printTree(Map.java:410)
	at Map.printTree(Map.java:416)
	at Map.printTree(Map.java:410)
	at Map.printTree(Map.java:410)
	at Map.printTree(Map.java:416)
	at Map.printTree(Map.java:410)
	at Map.printTree(Map.java:410)
	at Map.printTree(Map.java:416)
	at Map.printTree(Map.java:410)
	at Map.printTree(Map.java:410)
	at Map.printTree(Map.java:416)
	at Map.printTree(Map.java:410)
	at Map.printTree(Map.java:410)
	at Map.printTree(Map.java:416)
	at Map.printTree(Map.java:410)
	at Map.printTree(Map.java:410)
	at Map.printTree(Map.java:416)
	at Map.printTree(Map.java:410)
	at Map.printTree(Map.java:410)
	at Map.printTree(Map.java:416)
	at Map.printTree(Map.java:410)
	at Map.printTree(Map.java:410)
	at Map.printTree(Map.java:416)
	at Map.printTree(Map.java:410)
	at Map.printTree(Map.java:410)
	at Map.printTree(Map.java:416)
	at Map.printTree(Map.java:410)
	at Map.printTree(Map.java:410)
	at Map.printTree(Map.java:416)
	at Map.printTree(Map.java:410)
	at Map.printTree(Map.java:410)
	at Map.printTree(Map.java:416)
	at Map.printTree(Map.java:410)
	at Map.printTree(Map.java:410)
	at Map.printTree(Map.java:416)
	at Map.printTree(Map.java:410)
	at Map.printTree(Map.java:410)
	at Map.printTree(Map.java:416)
	at Map.printTree(Map.java:410)
	at Map.printTree(Map.java:410)
	at Map.printTree(Map.java:416)
	at Map.printTree(Map.java:410)
	at Map.printTree(Map.java:410)
	at Map.printTree(Map.java:416)
	at Map.printTree(Map.java:410)
	at Map.printTree(Map.java:410)
	at Map.printTree(Map.java:416)
	at Map.printTree(Map.java:410)
	at Map.printTree(Map.java:410)
	at Map.printTree(Map.java:416)
	at Map.printTree(Map.java:410)
	at Map.printTree(Map.java:410)
	at Map.printTree(Map.java:416)
	at Map.printTree(Map.java:410)
	at Map.printTree(Map.java:410)
	at Map.printTree(Map.java:416)
	at Map.printTree(Map.java:410)
	at Map.printTree(Map.java:410)
	at Map.printTree(Map.java:416)
	at Map.printTree(Map.java:410)
	at Map.printTree(Map.java:410)
	at Map.printTree(Map.java:416)
	at Map.printTree(Map.java:410)
	at Map.printTree(Map.java:410)
	at Map.printTree(Map.java:416)
	at Map.printTree(Map.java:410)
	at Map.printTree(Map.java:410)
	at Map.printTree(Map.java:416)
	at Map.printTree(Map.java:410)
	at Map.printTree(Map.java:410)
	at Map.printTree(Map.java:416)
	at Map.printTree(Map.java:410)
	at Map.printTree(Map.java:410)
	at Map.printTree(Map.java:416)
	at Map.printTree(Map.java:410)
	at Map.printTree(Map.java:410)
	at Map.printTree(Map.java:416)
	at Map.printTree(Map.java:410)
	at Map.printTree(Map.java:410)
	at Map.printTree(Map.java:416)
	at Map.printTree(Map.java:410)
	at Map.printTree(Map.java:410)
	at Map.printTree(Map.java:416)
	at Map.printTree(Map.java:410)
	at Map.printTree(Map.java:410)
	at Map.printTree(Map.java:416)
	at Map.printTree(Map.java:410)
	at Map.printTree(Map.java:410)
	at Map.printTree(Map.java:416)
	at Map.printTree(Map.java:410)
	at Map.printTree(Map.java:410)
	at Map.printTree(Map.java:416)
	at Map.printTree(Map.java:410)
	at Map.printTree(Map.java:410)
	at Map.printTree(Map.java:416)
	at Map.printTree(Map.java:410)
	at Map.printTree(Map.java:410)
	at Map.printTree(Map.java:416)
	at Map.printTree(Map.java:410)
	at Map.printTree(Map.java:410)
	at Map.printTree(Map.java:416)
	at Map.printTree(Map.java:410)
	at Map.printTree(Map.java:410)
	at Map.printTree(Map.java:416)
	at Map.printTree(Map.java:410)
	at Map.printTree(Map.java:410)
	at Map.printTree(Map.java:416)
	at Map.printTree(Map.java:410)
	at Map.printTree(Map.java:410)
	at Map.printTree(Map.java:416)
	at Map.printTree(Map.java:410)
	at Map.printTree(Map.java:410)
	at Map.printTree(Map.java:416)
	at Map.printTree(Map.java:410)
	at Map.printTree(Map.java:410)
	at Map.printTree(Map.java:416)
	at Map.printTree(Map.java:410)
	at Map.printTree(Map.java:410)
	at Map.printTree(Map.java:416)
	at Map.printTree(Map.java:410)
	at Map.printTree(Map.java:410)
	at Map.printTree(Map.java:416)
	at Map.printTree(Map.java:410)
	at Map.printTree(Map.java:410)
	at Map.printTree(Map.java:416)
	at Map.printTree(Map.java:410)
	at Map.printTree(Map.java:410)
	at Map.printTree(Map.java:416)
	at Map.printTree(Map.java:410)
	at Map.printTree(Map.java:410)
	at Map.printTree(Map.java:416)
	at Map.printTree(Map.java:410)
	at Map.printTree(Map.java:410)
	at Map.printTree(Map.java:416)
	at Map.printTree(Map.java:410)
	at Map.printTree(Map.java:410)
	at Map.printTree(Map.java:416)
	at Map.printTree(Map.java:410)
	at Map.printTree(Map.java:410)
	at Map.printTree(Map.java:416)
	at Map.printTree(Map.java:410)
	at Map.printTree(Map.java:410)
	at Map.printTree(Map.java:416)
	at Map.printTree(Map.java:410)
	at Map.printTree(Map.java:410)
	at Map.printTree(Map.java:416)
	at Map.printTree(Map.java:410)
	at Map.printTree(Map.java:410)
	at Map.printTree(Map.java:416)
	at Map.printTree(Map.java:410)
	at Map.printTree(Map.java:410)
	at Map.printTree(Map.java:416)
	at Map.printTree(Map.java:410)
	at Map.printTree(Map.java:410)
	at Map.printTree(Map.java:416)
	at Map.printTree(Map.java:410)
	at Map.printTree(Map.java:410)
	at Map.printTree(Map.java:416)
	at Map.printTree(Map.java:410)
	at Map.printTree(Map.java:410)
	at Map.printTree(Map.java:416)
	at Map.printTree(Map.java:410)
	at Map.printTree(Map.java:410)
	at Map.printTree(Map.java:416)
	at Map.printTree(Map.java:410)
	at Map.printTree(Map.java:410)
	at Map.printTree(Map.java:416)
	at Map.printTree(Map.java:410)
	at Map.printTree(Map.java:410)
	at Map.printTree(Map.java:416)
	at Map.printTree(Map.java:410)
	at Map.printTree(Map.java:410)
	at Map.printTree(Map.java:416)
	at Map.printTree(Map.java:410)
	at Map.printTree(Map.java:410)
	at Map.printTree(Map.java:416)
	at Map.printTree(Map.java:410)
	at Map.printTree(Map.java:410)
	at Map.printTree(Map.java:416)
	at Map.printTree(Map.java:410)
	at Map.printTree(Map.java:410)
	at Map.printTree(Map.java:416)
	at Map.printTree(Map.java:410)
	at Map.printTree(Map.java:410)
	at Map.printTree(Map.java:416)
	at Map.printTree(Map.java:410)
	at Map.printTree(Map.java:410)
	at Map.printTree(Map.java:416)
	at Map.printTree(Map.java:410)
	at Map.printTree(Map.java:410)
	at Map.printTree(Map.java:416)
	at Map.printTree(Map.java:410)
	at Map.printTree(Map.java:410)
	at Map.printTree(Map.java:416)
	at Map.printTree(Map.java:410)
	at Map.printTree(Map.java:410)
	at Map.printTree(Map.java:416)
	at Map.printTree(Map.java:410)
	at Map.printTree(Map.java:410)
	at Map.printTree(Map.java:416)
	at Map.printTree(Map.java:410)
	at Map.printTree(Map.java:410)
	at Map.printTree(Map.java:416)
	at Map.printTree(Map.java:410)
	at Map.printTree(Map.java:410)
	at Map.printTree(Map.java:416)
	at Map.printTree(Map.java:410)
	at Map.printTree(Map.java:410)
	at Map.printTree(Map.java:416)
	at Map.printTree(Map.java:410)
	at Map.printTree(Map.java:410)
	at Map.printTree(Map.java:416)
	at Map.printTree(Map.java:410)
	at Map.printTree(Map.java:410)
	at Map.printTree(Map.java:416)
	at Map.printTree(Map.java:410)
	at Map.printTree(Map.java:410)
	at Map.printTree(Map.java:416)
	at Map.printTree(Map.java:410)
	at Map.printTree(Map.java:410)
	at Map.printTree(Map.java:416)
	at Map.printTree(Map.java:410)
	at Map.printTree(Map.java:410)
	at Map.printTree(Map.java:416)
	at Map.printTree(Map.java:410)
	at Map.printTree(Map.java:410)
	at Map.printTree(Map.java:416)
	at Map.printTree(Map.java:410)
	at Map.printTree(Map.java:410)
	at Map.printTree(Map.java:416)
	at Map.printTree(Map.java:410)
	at Map.printTree(Map.java:410)
	at Map.printTree(Map.java:416)
	at Map.printTree(Map.java:410)
	at Map.printTree(Map.java:410)
	at Map.printTree(Map.java:416)
	at Map.printTree(Map.java:410)
	at Map.printTree(Map.java:410)
	at Map.printTree(Map.java:416)
	at Map.printTree(Map.java:410)
	at Map.printTree(Map.java:410)
	at Map.printTree(Map.java:416)
	at Map.printTree(Map.java:410)
	at Map.printTree(Map.java:410)
	at Map.printTree(Map.java:416)
	at Map.printTree(Map.java:410)
	at Map.printTree(Map.java:410)
	at Map.printTree(Map.java:416)
	at Map.printTree(Map.java:410)
	at Map.printTree(Map.java:410)
	at Map.printTree(Map.java:416)
	at Map.printTree(Map.java:410)
	at Map.printTree(Map.java:410)
	at Map.printTree(Map.java:416)
	at Map.printTree(Map.java:410)
	at Map.printTree(Map.java:410)
	at Map.printTree(Map.java:416)
	at Map.printTree(Map.java:410)
	at Map.printTree(Map.java:410)
	at Map.printTree(Map.java:416)
	at Map.printTree(Map.java:410)
	at Map.printTree(Map.java:410)
	at Map.printTree(Map.java:416)
	at Map.printTree(Map.java:410)
	at Map.printTree(Map.java:410)
	at Map.printTree(Map.java:416)
	at Map.printTree(Map.java:410)
	at Map.printTree(Map.java:410)
	at Map.printTree(Map.java:416)
	at Map.printTree(Map.java:410)
	at Map.printTree(Map.java:410)
	at Map.printTree(Map.java:416)
	at Map.printTree(Map.java:410)
	at Map.printTree(Map.java:410)
	at Map.printTree(Map.java:416)
	at Map.printTree(Map.java:410)
	at Map.printTree(Map.java:410)
	at Map.printTree(Map.java:416)
	at Map.printTree(Map.java:410)
	at Map.printTree(Map.java:410)
	at Map.printTree(Map.java:416)
	at Map.printTree(Map.java:410)
	at Map.printTree(Map.java:410)
	at Map.printTree(Map.java:416)
	at Map.printTree(Map.java:410)
	at Map.printTree(Map.java:410)
	at Map.printTree(Map.java:416)
	at Map.printTree(Map.java:410)
	at Map.printTree(Map.java:410)
	at Map.printTree(Map.java:416)
	at Map.printTree(Map.java:410)
	at Map.printTree(Map.java:410)
	at Map.printTree(Map.java:416)
	at Map.printTree(Map.java:410)
	at Map.printTree(Map.java:410)
	at Map.printTree(Map.java:416)
	at Map.printTree(Map.java:410)
	at Map.printTree(Map.java:410)
	at Map.printTree(Map.java:416)
	at Map.printTree(Map.java:410)
	at Map.printTree(Map.java:410)
	at Map.printTree(Map.java:416)
	at Map.printTree(Map.java:410)
	at Map.printTree(Map.java:410)
	at Map.printTree(Map.java:416)
	at Map.printTree(Map.java:410)
	at Map.printTree(Map.java:410)
	at Map.printTree(Map.java:416)
	at Map.printTree(Map.java:410)
	at Map.printTree(Map.java:410)
	at Map.printTree(Map.java:416)
	at Map.printTree(Map.java:410)
	at Map.printTree(Map.java:410)
	at Map.printTree(Map.java:416)
	at Map.printTree(Map.java:410)
	at Map.printTree(Map.java:410)
	at Map.printTree(Map.java:416)
	at Map.printTree(Map.java:410)
	at Map.printTree(Map.java:410)
	at Map.printTree(Map.java:416)
	at Map.printTree(Map.java:410)
	at Map.printTree(Map.java:410)
	at Map.printTree(Map.java:416)
	at Map.printTree(Map.java:410)
	at Map.printTree(Map.java:410)
	at Map.printTree(Map.java:416)
	at Map.printTree(Map.java:410)
	at Map.printTree(Map.java:410)
	at Map.printTree(Map.java:416)
	at Map.printTree(Map.java:410)
	at Map.printTree(Map.java:410)
	at Map.printTree(Map.java:416)
	at Map.printTree(Map.java:410)
	at Map.printTree(Map.java:410)
	at Map.printTree(Map.java:416)
	at Map.printTree(Map.java:410)
	at Map.printTree(Map.java:410)
	at Map.printTree(Map.java:416)
	at Map.printTree(Map.java:410)
	at Map.printTree(Map.java:410)
	at Map.printTree(Map.java:416)
	at Map.printTree(Map.java:410)
	at Map.printTree(Map.java:410)
	at Map.printTree(Map.java:416)
	at Map.printTree(Map.java:410)
	at Map.printTree(Map.java:410)
	at Map.printTree(Map.java:416)
	at Map.printTree(Map.java:410)
	at Map.printTree(Map.java:410)
	at Map.printTree(Map.java:416)
	at Map.printTree(Map.java:410)
	at Map.printTree(Map.java:410)
	at Map.printTree(Map.java:416)
	at Map.printTree(Map.java:410)
	at Map.printTree(Map.java:410)
	at Map.printTree(Map.java:416)
	at Map.printTree(Map.java:410)
	at Map.printTree(Map.java:410)
	at Map.printTree(Map.java:416)
	at Map.printTree(Map.java:410)
	at Map.printTree(Map.java:410)
	at Map.printTree(Map.java:416)
	at Map.printTree(Map.java:410)
	at Map.printTree(Map.java:410)
	at Map.printTree(Map.java:416)
	at Map.printTree(Map.java:410)
	at Map.printTree(Map.java:410)
	at Map.printTree(Map.java:416)
	at Map.printTree(Map.java:410)
	at Map.printTree(Map.java:410)
	at Map.printTree(Map.java:416)
	at Map.printTree(Map.java:410)
	at Map.printTree(Map.java:410)
	at Map.printTree(Map.java:416)
	at Map.printTree(Map.java:410)
	at Map.printTree(Map.java:410)
	at Map.printTree(Map.java:416)
	at Map.printTree(Map.java:410)
	at Map.printTree(Map.java:410)
	at Map.printTree(Map.java:416)
	at Map.printTree(Map.java:410)
	at Map.printTree(Map.java:410)
	at Map.printTree(Map.java:416)
	at Map.printTree(Map.java:410)
	at Map.printTree(Map.java:410)
	at Map.printTree(Map.java:416)
	at Map.printTree(Map.java:410)
	at Map.printTree(Map.java:410)
	at Map.printTree(Map.java:416)
	at Map.printTree(Map.java:410)
	at Map.printTree(Map.java:410)
	at Map.printTree(Map.java:416)
	at Map.printTree(Map.java:410)
	at Map.printTree(Map.java:410)
	at Map.printTree(Map.java:416)
	at Map.printTree(Map.java:410)
	at Map.printTree(Map.java:410)
	at Map.printTree(Map.java:416)
	at Map.printTree(Map.java:410)
	at Map.printTree(Map.java:410)
	at Map.printTree(Map.java:416)
	at Map.printTree(Map.java:410)
	at Map.printTree(Map.java:410)
	at Map.printTree(Map.java:416)
	at Map.printTree(Map.java:410)
	at Map.printTree(Map.java:410)
	at Map.printTree(Map.java:416)
	at Map.printTree(Map.java:410)
	at Map.printTree(Map.java:410)
	at Map.printTree(Map.java:416)
	at Map.printTree(Map.java:410)
	at Map.printTree(Map.java:410)
	at Map.printTree(Map.java:416)
	at Map.printTree(Map.java:410)
	at Map.printTree(Map.java:410)
	at Map.printTree(Map.java:416)
	at Map.printTree(Map.java:410)
	at Map.printTree(Map.java:410)
	at Map.printTree(Map.java:416)
	at Map.printTree(Map.java:410)
	at Map.printTree(Map.java:410)
	at Map.printTree(Map.java:416)
	at Map.printTree(Map.java:410)
	at Map.printTree(Map.java:410)
	at Map.printTree(Map.java:416)
	at Map.printTree(Map.java:410)
	at Map.printTree(Map.java:410)
	at Map.printTree(Map.java:416)
	at Map.printTree(Map.java:410)
	at Map.printTree(Map.java:410)
	at Map.printTree(Map.java:416)
	at Map.printTree(Map.java:410)
	at Map.printTree(Map.java:410)
	at Map.printTree(Map.java:416)
	at Map.printTree(Map.java:410)
	at Map.printTree(Map.java:410)
	at Map.printTree(Map.java:416)
	at Map.printTree(Map.java:410)
	at Map.printTree(Map.java:410)
	at Map.printTree(Map.java:416)
	at Map.printTree(Map.java:410)
	at Map.printTree(Map.java:410)
	at Map.printTree(Map.java:416)
	at Map.printTree(Map.java:410)
	at Map.printTree(Map.java:410)
	at Map.printTree(Map.java:416)
	at Map.printTree(Map.java:410)
	at Map.printTree(Map.java:410)
	at Map.printTree(Map.java:416)
	at Map.printTree(Map.java:410)
	at Map.printTree(Map.java:410)
	at Map.printTree(Map.java:416)
	at Map.printTree(Map.java:410)
	at Map.printTree(Map.java:410)
	at Map.printTree(Map.java:416)
	at Map.printTree(Map.java:410)
	at Map.printTree(Map.java:410)
	at Map.printTree(Map.java:416)
	at Map.printTree(Map.java:410)
	at Map.printTree(Map.java:410)
	at Map.printTree(Map.java:416)
	at Map.printTree(Map.java:410)
	at Map.printTree(Map.java:410)
	at Map.printTree(Map.java:416)
	at Map.printTree(Map.java:410)
	at Map.printTree(Map.java:410)
	at Map.printTree(Map.java:416)
	at Map.printTree(Map.java:410)
	at Map.printTree(Map.java:410)
	at Map.printTree(Map.java:416)
	at Map.printTree(Map.java:410)
	at Map.printTree(Map.java:410)
	at Map.printTree(Map.java:416)
	at Map.printTree(Map.java:410)
	at Map.printTree(Map.java:410)
	at Map.printTree(Map.java:416)
	at Map.printTree(Map.java:410)
	at Map.printTree(Map.java:410)
	at Map.printTree(Map.java:416)
	at Map.printTree(Map.java:410)
	at Map.printTree(Map.java:410)
	at Map.printTree(Map.java:416)
	at Map.printTree(Map.java:410)
	at Map.printTree(Map.java:410)
	at Map.printTree(Map.java:416)
	at Map.printTree(Map.java:410)
	at Map.printTree(Map.java:410)
	at Map.printTree(Map.java:416)
	at Map.printTree(Map.java:410)
	at Map.printTree(Map.java:410)
	at Map.printTree(Map.java:416)
	at Map.printTree(Map.java:410)
	at Map.printTree(Map.java:410)
	at Map.printTree(Map.java:416)
	at Map.printTree(Map.java:410)
	at Map.printTree(Map.java:410)
	at Map.printTree(Map.java:416)
	at Map.printTree(Map.java:410)
	at Map.printTree(Map.java:410)
	at Map.printTree(Map.java:416)
	at Map.printTree(Map.java:410)
	at Map.printTree(Map.java:410)
	at Map.printTree(Map.java:416)
	at Map.printTree(Map.java:410)
	at Map.printTree(Map.java:410)
	at Map.printTree(Map.java:416)
	at Map.printTree(Map.java:410)
	at Map.printTree(Map.java:410)
	at Map.printTree(Map.java:416)
	at Map.printTree(Map.java:410)
	at Map.printTree(Map.java:410)
	at Map.printTree(Map.java:416)
	at Map.printTree(Map.java:410)
	at Map.printTree(Map.java:410)
	at Map.printTree(Map.java:416)
	at Map.printTree(Map.java:410)
	at Map.printTree(Map.java:410)
	at Map.printTree(Map.java:416)
	at Map.printTree(Map.java:410)
	at Map.printTree(Map.java:410)
	at Map.printTree(Map.java:416)
	at Map.printTree(Map.java:410)
	at Map.printTree(Map.java:410)
	at Map.printTree(Map.java:416)
	at Map.printTree(Map.java:410)
	at Map.printTree(Map.java:410)
	at Map.printTree(Map.java:416)
	at Map.printTree(Map.java:410)
	at Map.printTree(Map.java:410)
	at Map.printTree(Map.java:416)
	at Map.printTree(Map.java:410)
	at Map.printTree(Map.java:410)
	at Map.printTree(Map.java:416)
	at Map.printTree(Map.java:410)
	at Map.printTree(Map.java:410)
	at Map.printTree(Map.java:416)
	at Map.printTree(Map.java:410)
	at Map.printTree(Map.java:410)
	at Map.printTree(Map.java:416)
	at Map.printTree(Map.java:410)
	at Map.printTree(Map.java:410)
	at Map.printTree(Map.java:416)
	at Map.printTree(Map.java:410)
	at Map.printTree(Map.java:410)
	at Map.printTree(Map.java:416)
	at Map.printTree(Map.java:410)
	at Map.printTree(Map.java:410)
	at Map.printTree(Map.java:416)
	at Map.printTree(Map.java:410)
	at Map.printTree(Map.java:410)
	at Map.printTree(Map.java:416)
	at Map.printTree(Map.java:410)
	at Map.printTree(Map.java:410)
	at Map.printTree(Map.java:416)
	at Map.printTree(Map.java:410)
	at Map.printTree(Map.java:410)
	at Map.printTree(Map.java:416)
	at Map.printTree(Map.java:410)
	at Map.printTree(Map.java:410)
	at Map.printTree(Map.java:416)
	at Map.printTree(Map.java:410)
	at Map.printTree(Map.java:410)
	at Map.printTree(Map.java:416)
	at Map.printTree(Map.java:410)
	at Map.printTree(Map.java:410)
	at Map.printTree(Map.java:416)
	at Map.printTree(Map.java:410)
	at Map.printTree(Map.java:410)
	at Map.printTree(Map.java:416)
	at Map.printTree(Map.java:410)
	at Map.printTree(Map.java:410)
	at Map.printTree(Map.java:416)
	at Map.printTree(Map.java:410)
	at Map.printTree(Map.java:410)
	at Map.printTree(Map.java:416)
	at Map.printTree(Map.java:410)
	at Map.printTree(Map.java:410)
	at Map.printTree(Map.java:416)
	at Map.printTree(Map.java:410)
	at Map.printTree(Map.java:410)
	at Map.printTree(Map.java:416)
	at Map.printTree(Map.java:410)
	at Map.printTree(Map.java:410)
	at Map.printTree(Map.java:416)
	at Map.printTree(Map.java:410)
	at Map.printTree(Map.java:410)
	at Map.printTree(Map.java:416)
	at Map.printTree(Map.java:410)
	at Map.printTree(Map.java:410)
	at Map.printTree(Map.java:416)
	at Map.printTree(Map.java:410)
	at Map.printTree(Map.java:410)
	at Map.printTree(Map.java:416)
	at Map.printTree(Map.java:410)
	at Map.printTree(Map.java:410)
	at Map.printTree(Map.java:416)
	at Map.printTree(Map.java:410)
	at Map.printTree(Map.java:410)
	at Map.printTree(Map.java:416)
	at Map.printTree(Map.java:410)
	at Map.printTree(Map.java:410)
	at Map.printTree(Map.java:416)
	at Map.printTree(Map.java:410)
	at Map.printTree(Map.java:410)
	at Map.printTree(Map.java:416)
	at Map.printTree(Map.java:410)
	at Map.printTree(Map.java:410)
	at Map.printTree(Map.java:416)
	at Map.printTree(Map.java:410)
	at Map.printTree(Map.java:410)
	at Map.printTree(Map.java:416)
	at Map.printTree(Map.java:410)
	at Map.printTree(Map.java:410)
	at Map.printTree(Map.java:416)
	at Map.printTree(Map.java:410)
	at Map.printTree(Map.java:410)
	at Map.printTree(Map.java:416)
	at Map.printTree(Map.java:410)
	at Map.printTree(Map.java:410)
	at Map.printTree(Map.java:416)
	at Map.printTree(Map.java:410)
	at Map.printTree(Map.java:410)
	at Map.printTree(Map.java:416)
	at Map.printTree(Map.java:410)
	at Map.printTree(Map.java:410)
	at Map.printTree(Map.java:416)
	at Map.printTree(Map.java:410)
	at Map.printTree(Map.java:410)
	at Map.printTree(Map.java:416)
	at Map.printTree(Map.java:410)
	at Map.printTree(Map.java:410)
	at Map.printTree(Map.java:416)
	at Map.printTree(Map.java:410)
	at Map.printTree(Map.java:410)
	at Map.printTree(Map.java:416)
	at Map.printTree(Map.java:410)
	at Map.printTree(Map.java:410)
	at Map.printTree(Map.java:416)
	at Map.printTree(Map.java:410)
	at Map.printTree(Map.java:410)
	at Map.printTree(Map.java:416)
	at Map.printTree(Map.java:410)
	at Map.printTree(Map.java:410)
	at Map.printTree(Map.java:416)
	at Map.printTree(Map.java:410)
	at Map.printTree(Map.java:410)
	at Map.printTree(Map.java:416)
	at Map.printTree(Map.java:410)
	at Map.printTree(Map.java:410)
	at Map.printTree(Map.java:416)
	at Map.printTree(Map.java:410)
	at Map.printTree(Map.java:410)
	at Map.printTree(Map.java:416)
	at Map.printTree(Map.java:410)
	at Map.printTree(Map.java:410)
	at Map.printTree(Map.java:416)
	at Map.printTree(Map.java:410)
	at Map.printTree(Map.java:410)
	at Map.printTree(Map.java:416)
	at Map.printTree(Map.java:410)
	at Map.printTree(Map.java:410)
	at Map.printTree(Map.java:416)
	at Map.printTree(Map.java:410)
	at Map.printTree(Map.java:410)
	at Map.printTree(Map.java:416)
	at Map.printTree(Map.java:410)
	at Map.printTree(Map.java:410)
	at Map.printTree(Map.java:416)
	at Map.printTree(Map.java:410)
	at Map.printTree(Map.java:410)
	at Map.printTree(Map.java:416)
	at Map.printTree(Map.java:410)
	at Map.printTree(Map.java:410)
	at Map.printTree(Map.java:416)
	at Map.printTree(Map.java:410)
	at Map.printTree(Map.java:410)
	at Map.printTree(Map.java:416)
	at Map.printTree(Map.java:410)
	at Map.printTree(Map.java:410)
	at Map.printTree(Map.java:416)
	at Map.printTree(Map.java:410)
	at Map.printTree(Map.java:410)
	at Map.printTree(Map.java:416)
	at Map.printTree(Map.java:410)
	at Map.printTree(Map.java:410)
	at Map.printTree(Map.java:416)
	at Map.printTree(Map.java:410)
	at Map.printTree(Map.java:410)
	at Map.printTree(Map.java:416)
	at Map.printTree(Map.java:410)
	at Map.printTree(Map.java:410)
	at Map.printTree(Map.java:416)
	at Map.printTree(Map.java:410)
	at Map.printTree(Map.java:410)
	at Map.printTree(Map.java:416)
	at Map.printTree(Map.java:410)
	at Map.printTree(Map.java:410)
	at Map.printTree(Map.java:416)
	at Map.printTree(Map.java:410)
	at Map.printTree(Map.java:410)
	at Map.printTree(Map.java:416)
	at Map.printTree(Map.java:410)
	at Map.printTree(Map.java:410)
	at Map.printTree(Map.java:416)
	at Map.printTree(Map.java:410)
	at Map.printTree(Map.java:410)
	at Map.printTree(Map.java:416)
	at Map.printTree(Map.java:410)
	at Map.printTree(Map.java:410)
	at Map.printTree(Map.java:416)
	at Map.printTree(Map.java:410)
	at Map.printTree(Map.java:410)
	at Map.printTree(Map.java:416)
	at Map.printTree(Map.java:410)
	at Map.printTree(Map.java:410)
	at Map.printTree(Map.java:416)
	at Map.printTree(Map.java:410)
	at Map.printTree(Map.java:410)
	at Map.printTree(Map.java:416)
	at Map.printTree(Map.java:410)
	at Map.printTree(Map.java:410)
	at Map.printTree(Map.java:416)
	at Map.printTree(Map.java:410)
	at Map.printTree(Map.java:410)
	at Map.printTree(Map.java:416)
	at Map.printTree(Map.java:410)
	at Map.printTree(Map.java:410)
	at Map.printTree(Map.java:416)
	at Map.printTree(Map.java:410)
	at Map.printTree(Map.java:410)
</failure>
  </testcase>
  <system-out><![CDATA[]]></system-out>
  <system-err><![CDATA[]]></system-err>
</testsuite>
