<?xml version="1.0" encoding="UTF-8"?>
<testsuite name="SetTest" tests="2" skipped="0" failures="0" errors="0" timestamp="2024-10-26T13:20:40" hostname="LAPTOP-M2PRL5QA" time="0.034">
  <properties/>
  <testcase name="testSet1()" classname="SetTest" time="0.031"/>
  <testcase name="testSet2()" classname="SetTest" time="0.001"/>
  <system-out><![CDATA[]]></system-out>
  <system-err><![CDATA[]]></system-err>
</testsuite>
